Base path: C:/Program Files/Unity/Editor/Data
Pipe name: \\.\pipe\UnityShaderCompiler-64bit-2-3532
Cmd: getPlatforms
Cmd: compileSnippet
  api=1 type=0 insize=1705 outsize=169 kw=SOFTPARTICLES_OFF ok=1
Cmd: compileSnippet
  api=8 type=0 insize=1705 outsize=2966 kw=SOFTPARTICLES_ON ok=1
Cmd: compileSnippet
  api=0 type=1 insize=1705 outsize=6 kw=SOFTPARTICLES_ON ok=1
Cmd: compileSnippet
  api=8 type=0 insize=1642 outsize=1812 kw=SOFTPARTICLES_OFF ok=1
Cmd: compileSnippet
  api=8 type=1 insize=1642 outsize=1292 kw=SOFTPARTICLES_OFF ok=1
Cmd: compileSnippet
  api=0 type=0 insize=2301 outsize=1271 kw=PIXELSNAP_ON ok=1
Cmd: compileSnippet
  api=0 type=1 insize=2301 outsize=6 kw=PIXELSNAP_ON ok=1
Unhandled exception: Readfile from pipe failed. GLE=Ha terminado la canalización.


Quitting shader compiler process

Crashed!
